Copyright 1986-2022 Xilinx, Inc. All Rights Reserved. Copyright 2022-2025 Advanced Micro Devices, Inc. All Rights Reserved.
---------------------------------------------------------------------------------------------------------------------------------------------------------------------------------------------------------------------------------
| Tool Version : Vivado v.2025.2 (win64) Build 6299465 Fri Nov 14 19:35:11 GMT 2025
| Date         : Sun Dec 14 20:56:43 2025
| Host         : DESKTOP-LSTJF8V running 64-bit major release  (build 9200)
| Command      : report_timing_summary -max_paths 10 -routable_nets -report_unconstrained -file cpu_top_timing_summary_routed.rpt -pb cpu_top_timing_summary_routed.pb -rpx cpu_top_timing_summary_routed.rpx -warn_on_violation
| Design       : cpu_top
| Device       : 7a100t-csg324
| Speed File   : -1  PRODUCTION 1.23 2018-06-13
| Design State : Routed
---------------------------------------------------------------------------------------------------------------------------------------------------------------------------------------------------------------------------------

Timing Summary Report

------------------------------------------------------------------------------------------------
| Timer Settings
| --------------
------------------------------------------------------------------------------------------------

  Enable Multi Corner Analysis               :  Yes
  Enable Pessimism Removal                   :  Yes
  Pessimism Removal Resolution               :  Nearest Common Node
  Enable Input Delay Default Clock           :  No
  Enable Preset / Clear Arcs                 :  No
  Disable Flight Delays                      :  No
  Ignore I/O Paths                           :  No
  Timing Early Launch at Borrowing Latches   :  No
  Borrow Time for Max Delay Exceptions       :  Yes
  Merge Timing Exceptions                    :  Yes
  Inter-SLR Compensation                     :  Conservative

  Corner  Analyze    Analyze    
  Name    Max Paths  Min Paths  
  ------  ---------  ---------  
  Slow    Yes        Yes        
  Fast    Yes        Yes        


------------------------------------------------------------------------------------------------
| Report Methodology
| ------------------
------------------------------------------------------------------------------------------------

Rule       Severity          Description                  Violations  
---------  ----------------  ---------------------------  ----------  
TIMING-17  Critical Warning  Non-clocked sequential cell  63          

Note: This report is based on the most recent report_methodology run and may not be up-to-date. Run report_methodology on the current design for the latest report.



check_timing report

Table of Contents
-----------------
1. checking no_clock (63)
2. checking constant_clock (0)
3. checking pulse_width_clock (0)
4. checking unconstrained_internal_endpoints (110)
5. checking no_input_delay (1)
6. checking no_output_delay (63)
7. checking multiple_clock (0)
8. checking generated_clocks (0)
9. checking loops (0)
10. checking partial_input_delay (0)
11. checking partial_output_delay (0)
12. checking latch_loops (0)

1. checking no_clock (63)
-------------------------
 There are 63 register/latch pins with no clock driven by root clock pin: clk (HIGH)


2. checking constant_clock (0)
------------------------------
 There are 0 register/latch pins with constant_clock.


3. checking pulse_width_clock (0)
---------------------------------
 There are 0 register/latch pins which need pulse_width check


4. checking unconstrained_internal_endpoints (110)
--------------------------------------------------
 There are 110 pins that are not constrained for maximum delay. (HIGH)

 There are 0 pins that are not constrained for maximum delay due to constant clock.


5. checking no_input_delay (1)
------------------------------
 There is 1 input port with no input delay specified. (HIGH)

 There are 0 input ports with no input delay but user has a false path constraint.


6. checking no_output_delay (63)
--------------------------------
 There are 63 ports with no output delay specified. (HIGH)

 There are 0 ports with no output delay but user has a false path constraint

 There are 0 ports with no output delay but with a timing clock defined on it or propagating through it


7. checking multiple_clock (0)
------------------------------
 There are 0 register/latch pins with multiple clocks.


8. checking generated_clocks (0)
--------------------------------
 There are 0 generated clocks that are not connected to a clock source.


9. checking loops (0)
---------------------
 There are 0 combinational loops in the design.


10. checking partial_input_delay (0)
------------------------------------
 There are 0 input ports with partial input delay specified.


11. checking partial_output_delay (0)
-------------------------------------
 There are 0 ports with partial output delay specified.


12. checking latch_loops (0)
----------------------------
 There are 0 combinational latch loops in the design through latch input



------------------------------------------------------------------------------------------------
| Design Timing Summary
| ---------------------
------------------------------------------------------------------------------------------------

    WNS(ns)      TNS(ns)  TNS Failing Endpoints  TNS Total Endpoints      WHS(ns)      THS(ns)  THS Failing Endpoints  THS Total Endpoints     WPWS(ns)     TPWS(ns)  TPWS Failing Endpoints  TPWS Total Endpoints  
    -------      -------  ---------------------  -------------------      -------      -------  ---------------------  -------------------     --------     --------  ----------------------  --------------------  
        inf        0.000                      0                  173          inf        0.000                      0                  173           NA           NA                      NA                    NA  


There are no user specified timing constraints.


------------------------------------------------------------------------------------------------
| Clock Summary
| -------------
------------------------------------------------------------------------------------------------


------------------------------------------------------------------------------------------------
| Intra Clock Table
| -----------------
------------------------------------------------------------------------------------------------

Clock             WNS(ns)      TNS(ns)  TNS Failing Endpoints  TNS Total Endpoints      WHS(ns)      THS(ns)  THS Failing Endpoints  THS Total Endpoints     WPWS(ns)     TPWS(ns)  TPWS Failing Endpoints  TPWS Total Endpoints  
-----             -------      -------  ---------------------  -------------------      -------      -------  ---------------------  -------------------     --------     --------  ----------------------  --------------------  


------------------------------------------------------------------------------------------------
| Inter Clock Table
| -----------------
------------------------------------------------------------------------------------------------

From Clock    To Clock          WNS(ns)      TNS(ns)  TNS Failing Endpoints  TNS Total Endpoints      WHS(ns)      THS(ns)  THS Failing Endpoints  THS Total Endpoints  
----------    --------          -------      -------  ---------------------  -------------------      -------      -------  ---------------------  -------------------  


------------------------------------------------------------------------------------------------
| Other Path Groups Table
| -----------------------
------------------------------------------------------------------------------------------------

Path Group    From Clock    To Clock          WNS(ns)      TNS(ns)  TNS Failing Endpoints  TNS Total Endpoints      WHS(ns)      THS(ns)  THS Failing Endpoints  THS Total Endpoints  
----------    ----------    --------          -------      -------  ---------------------  -------------------      -------      -------  ---------------------  -------------------  


------------------------------------------------------------------------------------------------
| User Ignored Path Table
| -----------------------
------------------------------------------------------------------------------------------------

Path Group    From Clock    To Clock    
----------    ----------    --------    


------------------------------------------------------------------------------------------------
| Unconstrained Path Table
| ------------------------
------------------------------------------------------------------------------------------------

Path Group    From Clock    To Clock    
----------    ----------    --------    
(none)                                    


------------------------------------------------------------------------------------------------
| Timing Details
| --------------
------------------------------------------------------------------------------------------------


--------------------------------------------------------------------------------------
Path Group:  (none)
From Clock:  
  To Clock:  

Max Delay           173 Endpoints
Min Delay           173 Endpoints
--------------------------------------------------------------------------------------


Max Delay Paths
--------------------------------------------------------------------------------------
Slack:                    inf
  Source:                 uut/pc_reg[7]/C
                            (rising edge-triggered cell FDCE)
  Destination:            dbg_pc[7]
                            (output port)
  Path Group:             (none)
  Path Type:              Max at Slow Process Corner
  Data Path Delay:        5.103ns  (logic 3.118ns (61.104%)  route 1.985ns (38.896%))
  Logic Levels:           2  (FDCE=1 OBUF=1)

    Location             Delay type                Incr(ns)  Path(ns)    Netlist Resource(s)
  -------------------------------------------------------------------    -------------------
    SLICE_X0Y58          FDCE                         0.000     0.000 r  uut/pc_reg[7]/C
    SLICE_X0Y58          FDCE (Prop_fdce_C_Q)         0.456     0.456 r  uut/pc_reg[7]/Q
                         net (fo=2, routed)           1.985     2.441    dbg_pc_OBUF[7]
    V11                  OBUF (Prop_obuf_I_O)         2.662     5.103 r  dbg_pc_OBUF[7]_inst/O
                         net (fo=0)                   0.000     5.103    dbg_pc[7]
    V11                                                               r  dbg_pc[7] (OUT)
  -------------------------------------------------------------------    -------------------

Slack:                    inf
  Source:                 uut/pc_reg[11]/C
                            (rising edge-triggered cell FDCE)
  Destination:            dbg_pc[11]
                            (output port)
  Path Group:             (none)
  Path Type:              Max at Slow Process Corner
  Data Path Delay:        5.099ns  (logic 3.114ns (61.060%)  route 1.986ns (38.940%))
  Logic Levels:           2  (FDCE=1 OBUF=1)

    Location             Delay type                Incr(ns)  Path(ns)    Netlist Resource(s)
  -------------------------------------------------------------------    -------------------
    SLICE_X0Y59          FDCE                         0.000     0.000 r  uut/pc_reg[11]/C
    SLICE_X0Y59          FDCE (Prop_fdce_C_Q)         0.456     0.456 r  uut/pc_reg[11]/Q
                         net (fo=2, routed)           1.986     2.442    dbg_pc_OBUF[11]
    U11                  OBUF (Prop_obuf_I_O)         2.658     5.099 r  dbg_pc_OBUF[11]_inst/O
                         net (fo=0)                   0.000     5.099    dbg_pc[11]
    U11                                                               r  dbg_pc[11] (OUT)
  -------------------------------------------------------------------    -------------------

Slack:                    inf
  Source:                 rst
                            (input port)
  Destination:            uut/pc_reg[1]/CLR
  Path Group:             (none)
  Path Type:              Max at Slow Process Corner
  Data Path Delay:        5.033ns  (logic 0.971ns (19.301%)  route 4.061ns (80.699%))
  Logic Levels:           1  (IBUF=1)

    Location             Delay type                Incr(ns)  Path(ns)    Netlist Resource(s)
  -------------------------------------------------------------------    -------------------
    R11                                               0.000     0.000 f  rst (IN)
                         net (fo=0)                   0.000     0.000    rst
    R11                  IBUF (Prop_ibuf_I_O)         0.971     0.971 f  rst_IBUF_inst/O
                         net (fo=47, routed)          4.061     5.033    uut/rst_IBUF
    SLICE_X0Y57          FDCE                                         f  uut/pc_reg[1]/CLR
  -------------------------------------------------------------------    -------------------

Slack:                    inf
  Source:                 rst
                            (input port)
  Destination:            uut/pc_reg[2]/CLR
  Path Group:             (none)
  Path Type:              Max at Slow Process Corner
  Data Path Delay:        5.033ns  (logic 0.971ns (19.301%)  route 4.061ns (80.699%))
  Logic Levels:           1  (IBUF=1)

    Location             Delay type                Incr(ns)  Path(ns)    Netlist Resource(s)
  -------------------------------------------------------------------    -------------------
    R11                                               0.000     0.000 f  rst (IN)
                         net (fo=0)                   0.000     0.000    rst
    R11                  IBUF (Prop_ibuf_I_O)         0.971     0.971 f  rst_IBUF_inst/O
                         net (fo=47, routed)          4.061     5.033    uut/rst_IBUF
    SLICE_X0Y57          FDCE                                         f  uut/pc_reg[2]/CLR
  -------------------------------------------------------------------    -------------------

Slack:                    inf
  Source:                 rst
                            (input port)
  Destination:            uut/pc_reg[3]/CLR
  Path Group:             (none)
  Path Type:              Max at Slow Process Corner
  Data Path Delay:        5.033ns  (logic 0.971ns (19.301%)  route 4.061ns (80.699%))
  Logic Levels:           1  (IBUF=1)

    Location             Delay type                Incr(ns)  Path(ns)    Netlist Resource(s)
  -------------------------------------------------------------------    -------------------
    R11                                               0.000     0.000 f  rst (IN)
                         net (fo=0)                   0.000     0.000    rst
    R11                  IBUF (Prop_ibuf_I_O)         0.971     0.971 f  rst_IBUF_inst/O
                         net (fo=47, routed)          4.061     5.033    uut/rst_IBUF
    SLICE_X0Y57          FDCE                                         f  uut/pc_reg[3]/CLR
  -------------------------------------------------------------------    -------------------

Slack:                    inf
  Source:                 uut/pc_reg[2]/C
                            (rising edge-triggered cell FDCE)
  Destination:            dbg_pc[2]
                            (output port)
  Path Group:             (none)
  Path Type:              Max at Slow Process Corner
  Data Path Delay:        5.005ns  (logic 3.123ns (62.410%)  route 1.881ns (37.590%))
  Logic Levels:           2  (FDCE=1 OBUF=1)

    Location             Delay type                Incr(ns)  Path(ns)    Netlist Resource(s)
  -------------------------------------------------------------------    -------------------
    SLICE_X0Y57          FDCE                         0.000     0.000 r  uut/pc_reg[2]/C
    SLICE_X0Y57          FDCE (Prop_fdce_C_Q)         0.456     0.456 r  uut/pc_reg[2]/Q
                         net (fo=2, routed)           1.881     2.337    dbg_pc_OBUF[2]
    T9                   OBUF (Prop_obuf_I_O)         2.667     5.005 r  dbg_pc_OBUF[2]_inst/O
                         net (fo=0)                   0.000     5.005    dbg_pc[2]
    T9                                                                r  dbg_pc[2] (OUT)
  -------------------------------------------------------------------    -------------------

Slack:                    inf
  Source:                 uut/pc_reg[4]/C
                            (rising edge-triggered cell FDCE)
  Destination:            dbg_pc[4]
                            (output port)
  Path Group:             (none)
  Path Type:              Max at Slow Process Corner
  Data Path Delay:        4.988ns  (logic 3.106ns (62.266%)  route 1.882ns (37.734%))
  Logic Levels:           2  (FDCE=1 OBUF=1)

    Location             Delay type                Incr(ns)  Path(ns)    Netlist Resource(s)
  -------------------------------------------------------------------    -------------------
    SLICE_X0Y58          FDCE                         0.000     0.000 r  uut/pc_reg[4]/C
    SLICE_X0Y58          FDCE (Prop_fdce_C_Q)         0.456     0.456 r  uut/pc_reg[4]/Q
                         net (fo=2, routed)           1.882     2.338    dbg_pc_OBUF[4]
    T13                  OBUF (Prop_obuf_I_O)         2.650     4.988 r  dbg_pc_OBUF[4]_inst/O
                         net (fo=0)                   0.000     4.988    dbg_pc[4]
    T13                                                               r  dbg_pc[4] (OUT)
  -------------------------------------------------------------------    -------------------

Slack:                    inf
  Source:                 uut/pc_reg[14]/C
                            (rising edge-triggered cell FDCE)
  Destination:            dbg_pc[14]
                            (output port)
  Path Group:             (none)
  Path Type:              Max at Slow Process Corner
  Data Path Delay:        4.981ns  (logic 3.104ns (62.316%)  route 1.877ns (37.684%))
  Logic Levels:           2  (FDCE=1 OBUF=1)

    Location             Delay type                Incr(ns)  Path(ns)    Netlist Resource(s)
  -------------------------------------------------------------------    -------------------
    SLICE_X0Y60          FDCE                         0.000     0.000 r  uut/pc_reg[14]/C
    SLICE_X0Y60          FDCE (Prop_fdce_C_Q)         0.456     0.456 r  uut/pc_reg[14]/Q
                         net (fo=2, routed)           1.877     2.333    dbg_pc_OBUF[14]
    U16                  OBUF (Prop_obuf_I_O)         2.648     4.981 r  dbg_pc_OBUF[14]_inst/O
                         net (fo=0)                   0.000     4.981    dbg_pc[14]
    U16                                                               r  dbg_pc[14] (OUT)
  -------------------------------------------------------------------    -------------------

Slack:                    inf
  Source:                 uut/pc_reg[15]/C
                            (rising edge-triggered cell FDCE)
  Destination:            dbg_pc[15]
                            (output port)
  Path Group:             (none)
  Path Type:              Max at Slow Process Corner
  Data Path Delay:        4.968ns  (logic 3.098ns (62.353%)  route 1.870ns (37.647%))
  Logic Levels:           2  (FDCE=1 OBUF=1)

    Location             Delay type                Incr(ns)  Path(ns)    Netlist Resource(s)
  -------------------------------------------------------------------    -------------------
    SLICE_X0Y60          FDCE                         0.000     0.000 r  uut/pc_reg[15]/C
    SLICE_X0Y60          FDCE (Prop_fdce_C_Q)         0.456     0.456 r  uut/pc_reg[15]/Q
                         net (fo=2, routed)           1.870     2.326    dbg_pc_OBUF[15]
    U18                  OBUF (Prop_obuf_I_O)         2.642     4.968 r  dbg_pc_OBUF[15]_inst/O
                         net (fo=0)                   0.000     4.968    dbg_pc[15]
    U18                                                               r  dbg_pc[15] (OUT)
  -------------------------------------------------------------------    -------------------

Slack:                    inf
  Source:                 uut/pc_reg[13]/C
                            (rising edge-triggered cell FDCE)
  Destination:            dbg_pc[13]
                            (output port)
  Path Group:             (none)
  Path Type:              Max at Slow Process Corner
  Data Path Delay:        4.938ns  (logic 3.101ns (62.791%)  route 1.837ns (37.209%))
  Logic Levels:           2  (FDCE=1 OBUF=1)

    Location             Delay type                Incr(ns)  Path(ns)    Netlist Resource(s)
  -------------------------------------------------------------------    -------------------
    SLICE_X0Y60          FDCE                         0.000     0.000 r  uut/pc_reg[13]/C
    SLICE_X0Y60          FDCE (Prop_fdce_C_Q)         0.456     0.456 r  uut/pc_reg[13]/Q
                         net (fo=2, routed)           1.837     2.293    dbg_pc_OBUF[13]
    V17                  OBUF (Prop_obuf_I_O)         2.645     4.938 r  dbg_pc_OBUF[13]_inst/O
                         net (fo=0)                   0.000     4.938    dbg_pc[13]
    V17                                                               r  dbg_pc[13] (OUT)
  -------------------------------------------------------------------    -------------------





Min Delay Paths
--------------------------------------------------------------------------------------
Slack:                    inf
  Source:                 uut/dm/memory_reg[2][12]/C
                            (rising edge-triggered cell FDRE)
  Destination:            uut/dm/memory_reg[2][12]/D
  Path Group:             (none)
  Path Type:              Min at Fast Process Corner
  Data Path Delay:        0.211ns  (logic 0.141ns (66.870%)  route 0.070ns (33.130%))
  Logic Levels:           1  (FDRE=1)

    Location             Delay type                Incr(ns)  Path(ns)    Netlist Resource(s)
  -------------------------------------------------------------------    -------------------
    SLICE_X0Y127         FDRE                         0.000     0.000 r  uut/dm/memory_reg[2][12]/C
    SLICE_X0Y127         FDRE (Prop_fdre_C_Q)         0.141     0.141 r  uut/dm/memory_reg[2][12]/Q
                         net (fo=2, routed)           0.070     0.211    uut/dm/dbg_mem4_OBUF[12]
    SLICE_X0Y127         FDRE                                         r  uut/dm/memory_reg[2][12]/D
  -------------------------------------------------------------------    -------------------

Slack:                    inf
  Source:                 uut/dm/memory_reg[2][14]/C
                            (rising edge-triggered cell FDRE)
  Destination:            uut/dm/memory_reg[2][14]/D
  Path Group:             (none)
  Path Type:              Min at Fast Process Corner
  Data Path Delay:        0.211ns  (logic 0.141ns (66.870%)  route 0.070ns (33.130%))
  Logic Levels:           1  (FDRE=1)

    Location             Delay type                Incr(ns)  Path(ns)    Netlist Resource(s)
  -------------------------------------------------------------------    -------------------
    SLICE_X0Y129         FDRE                         0.000     0.000 r  uut/dm/memory_reg[2][14]/C
    SLICE_X0Y129         FDRE (Prop_fdre_C_Q)         0.141     0.141 r  uut/dm/memory_reg[2][14]/Q
                         net (fo=2, routed)           0.070     0.211    uut/dm/dbg_mem4_OBUF[14]
    SLICE_X0Y129         FDRE                                         r  uut/dm/memory_reg[2][14]/D
  -------------------------------------------------------------------    -------------------

Slack:                    inf
  Source:                 uut/dm/memory_reg[2][2]/C
                            (rising edge-triggered cell FDRE)
  Destination:            uut/dm/memory_reg[2][2]/D
  Path Group:             (none)
  Path Type:              Min at Fast Process Corner
  Data Path Delay:        0.211ns  (logic 0.141ns (66.870%)  route 0.070ns (33.130%))
  Logic Levels:           1  (FDRE=1)

    Location             Delay type                Incr(ns)  Path(ns)    Netlist Resource(s)
  -------------------------------------------------------------------    -------------------
    SLICE_X0Y117         FDRE                         0.000     0.000 r  uut/dm/memory_reg[2][2]/C
    SLICE_X0Y117         FDRE (Prop_fdre_C_Q)         0.141     0.141 r  uut/dm/memory_reg[2][2]/Q
                         net (fo=2, routed)           0.070     0.211    uut/dm/dbg_mem4_OBUF[2]
    SLICE_X0Y117         FDRE                                         r  uut/dm/memory_reg[2][2]/D
  -------------------------------------------------------------------    -------------------

Slack:                    inf
  Source:                 uut/dm/memory_reg[2][4]/C
                            (rising edge-triggered cell FDRE)
  Destination:            uut/dm/memory_reg[2][4]/D
  Path Group:             (none)
  Path Type:              Min at Fast Process Corner
  Data Path Delay:        0.211ns  (logic 0.141ns (66.870%)  route 0.070ns (33.130%))
  Logic Levels:           1  (FDRE=1)

    Location             Delay type                Incr(ns)  Path(ns)    Netlist Resource(s)
  -------------------------------------------------------------------    -------------------
    SLICE_X0Y119         FDRE                         0.000     0.000 r  uut/dm/memory_reg[2][4]/C
    SLICE_X0Y119         FDRE (Prop_fdre_C_Q)         0.141     0.141 r  uut/dm/memory_reg[2][4]/Q
                         net (fo=2, routed)           0.070     0.211    uut/dm/dbg_mem4_OBUF[4]
    SLICE_X0Y119         FDRE                                         r  uut/dm/memory_reg[2][4]/D
  -------------------------------------------------------------------    -------------------

Slack:                    inf
  Source:                 uut/dm/memory_reg[2][6]/C
                            (rising edge-triggered cell FDRE)
  Destination:            uut/dm/memory_reg[2][6]/D
  Path Group:             (none)
  Path Type:              Min at Fast Process Corner
  Data Path Delay:        0.211ns  (logic 0.141ns (66.870%)  route 0.070ns (33.130%))
  Logic Levels:           1  (FDRE=1)

    Location             Delay type                Incr(ns)  Path(ns)    Netlist Resource(s)
  -------------------------------------------------------------------    -------------------
    SLICE_X0Y121         FDRE                         0.000     0.000 r  uut/dm/memory_reg[2][6]/C
    SLICE_X0Y121         FDRE (Prop_fdre_C_Q)         0.141     0.141 r  uut/dm/memory_reg[2][6]/Q
                         net (fo=2, routed)           0.070     0.211    uut/dm/dbg_mem4_OBUF[6]
    SLICE_X0Y121         FDRE                                         r  uut/dm/memory_reg[2][6]/D
  -------------------------------------------------------------------    -------------------

Slack:                    inf
  Source:                 uut/dm/memory_reg[2][8]/C
                            (rising edge-triggered cell FDRE)
  Destination:            uut/dm/memory_reg[2][8]/D
  Path Group:             (none)
  Path Type:              Min at Fast Process Corner
  Data Path Delay:        0.211ns  (logic 0.141ns (66.870%)  route 0.070ns (33.130%))
  Logic Levels:           1  (FDRE=1)

    Location             Delay type                Incr(ns)  Path(ns)    Netlist Resource(s)
  -------------------------------------------------------------------    -------------------
    SLICE_X0Y123         FDRE                         0.000     0.000 r  uut/dm/memory_reg[2][8]/C
    SLICE_X0Y123         FDRE (Prop_fdre_C_Q)         0.141     0.141 r  uut/dm/memory_reg[2][8]/Q
                         net (fo=2, routed)           0.070     0.211    uut/dm/dbg_mem4_OBUF[8]
    SLICE_X0Y123         FDRE                                         r  uut/dm/memory_reg[2][8]/D
  -------------------------------------------------------------------    -------------------

Slack:                    inf
  Source:                 uut/dm/memory_reg[2][9]/C
                            (rising edge-triggered cell FDRE)
  Destination:            uut/dm/memory_reg[2][9]/D
  Path Group:             (none)
  Path Type:              Min at Fast Process Corner
  Data Path Delay:        0.211ns  (logic 0.141ns (66.870%)  route 0.070ns (33.130%))
  Logic Levels:           1  (FDRE=1)

    Location             Delay type                Incr(ns)  Path(ns)    Netlist Resource(s)
  -------------------------------------------------------------------    -------------------
    SLICE_X0Y125         FDRE                         0.000     0.000 r  uut/dm/memory_reg[2][9]/C
    SLICE_X0Y125         FDRE (Prop_fdre_C_Q)         0.141     0.141 r  uut/dm/memory_reg[2][9]/Q
                         net (fo=2, routed)           0.070     0.211    uut/dm/dbg_mem4_OBUF[9]
    SLICE_X0Y125         FDRE                                         r  uut/dm/memory_reg[2][9]/D
  -------------------------------------------------------------------    -------------------

Slack:                    inf
  Source:                 uut/rf/registers_reg[1][13]/C
                            (rising edge-triggered cell FDCE)
  Destination:            uut/rf/registers_reg[1][13]/D
  Path Group:             (none)
  Path Type:              Min at Fast Process Corner
  Data Path Delay:        0.211ns  (logic 0.141ns (66.870%)  route 0.070ns (33.130%))
  Logic Levels:           1  (FDCE=1)

    Location             Delay type                Incr(ns)  Path(ns)    Netlist Resource(s)
  -------------------------------------------------------------------    -------------------
    SLICE_X0Y79          FDCE                         0.000     0.000 r  uut/rf/registers_reg[1][13]/C
    SLICE_X0Y79          FDCE (Prop_fdce_C_Q)         0.141     0.141 r  uut/rf/registers_reg[1][13]/Q
                         net (fo=2, routed)           0.070     0.211    uut/rf/dbg_r1_OBUF[13]
    SLICE_X0Y79          FDCE                                         r  uut/rf/registers_reg[1][13]/D
  -------------------------------------------------------------------    -------------------

Slack:                    inf
  Source:                 uut/rf/registers_reg[1][15]/C
                            (rising edge-triggered cell FDCE)
  Destination:            uut/rf/registers_reg[1][15]/D
  Path Group:             (none)
  Path Type:              Min at Fast Process Corner
  Data Path Delay:        0.211ns  (logic 0.141ns (66.870%)  route 0.070ns (33.130%))
  Logic Levels:           1  (FDCE=1)

    Location             Delay type                Incr(ns)  Path(ns)    Netlist Resource(s)
  -------------------------------------------------------------------    -------------------
    SLICE_X0Y81          FDCE                         0.000     0.000 r  uut/rf/registers_reg[1][15]/C
    SLICE_X0Y81          FDCE (Prop_fdce_C_Q)         0.141     0.141 r  uut/rf/registers_reg[1][15]/Q
                         net (fo=2, routed)           0.070     0.211    uut/rf/dbg_r1_OBUF[15]
    SLICE_X0Y81          FDCE                                         r  uut/rf/registers_reg[1][15]/D
  -------------------------------------------------------------------    -------------------

Slack:                    inf
  Source:                 uut/rf/registers_reg[1][2]/C
                            (rising edge-triggered cell FDCE)
  Destination:            uut/rf/registers_reg[1][2]/D
  Path Group:             (none)
  Path Type:              Min at Fast Process Corner
  Data Path Delay:        0.211ns  (logic 0.141ns (66.870%)  route 0.070ns (33.130%))
  Logic Levels:           1  (FDCE=1)

    Location             Delay type                Incr(ns)  Path(ns)    Netlist Resource(s)
  -------------------------------------------------------------------    -------------------
    SLICE_X0Y67          FDCE                         0.000     0.000 r  uut/rf/registers_reg[1][2]/C
    SLICE_X0Y67          FDCE (Prop_fdce_C_Q)         0.141     0.141 r  uut/rf/registers_reg[1][2]/Q
                         net (fo=2, routed)           0.070     0.211    uut/rf/dbg_r1_OBUF[2]
    SLICE_X0Y67          FDCE                                         r  uut/rf/registers_reg[1][2]/D
  -------------------------------------------------------------------    -------------------





